<?xml version="1.0" encoding="utf-8" standalone="no"?>
<!--This file represents the results of running a test suite-->
<test-results name="C:\projects\Demo-Learning\GrocOrder\GrocOrderTests\GrocOrderTests.csproj" total="3" errors="0" failures="0" not-run="0" inconclusive="0" ignored="0" skipped="0" invalid="0" date="2012-05-23" time="15:22:59">
  <environment nunit-version="2.5.9.10348" clr-version="2.0.50727.4927" os-version="Microsoft Windows NT 6.1.7600.0" platform="Win32NT" cwd="C:\utils\NUnit-2.5.9\bin\net-2.0" machine-name="NOKEL-PC-1" user="ecrookshanks" user-domain="NOKEL-PC-1" />
  <culture-info current-culture="en-US" current-uiculture="en-US" />
  <test-suite type="Project" name="C:\projects\Demo-Learning\GrocOrder\GrocOrderTests\GrocOrderTests.csproj" executed="True" result="Success" success="True" time="0.118" asserts="0">
    <results>
      <test-suite type="Assembly" name="C:\projects\Demo-Learning\GrocOrder\GrocOrderTests\bin\Debug\GrocOrderTests.dll" executed="True" result="Success" success="True" time="0.098" asserts="0">
        <results>
          <test-suite type="Namespace" name="GrocOrderTests" executed="True" result="Success" success="True" time="0.093" asserts="0">
            <results>
              <test-suite type="TestFixture" name="OrderTests" executed="True" result="Success" success="True" time="0.091" asserts="0">
                <results>
                  <test-case name="GrocOrderTests.OrderTests.testDefaultFoodType" executed="True" result="Success" success="True" time="0.059" asserts="1" />
                  <test-case name="GrocOrderTests.OrderTests.testFoodItemTypes" executed="True" result="Success" success="True" time="0.004" asserts="2" />
                  <test-case name="GrocOrderTests.OrderTests.testItemsEnteredOneAtATime" executed="True" result="Success" success="True" time="0.008" asserts="2" />
                </results>
              </test-suite>
            </results>
          </test-suite>
        </results>
      </test-suite>
    </results>
  </test-suite>
</test-results>